17:57:17 Game Port: 2302, Steam Query Port: 2303
17:57:17 Mission Mando Cabure Hardcore Operations - Tanoa III read from bank.
17:57:18 Host identity created.
17:57:18 Roles assigned.
17:57:18 Reading mission ...
17:57:54 You cannot play/edit this mission; it is dependent on downloadable content that has been deleted.\nls_equipment_greenfor
17:57:55 Mission Mando Cabure Hardcore Operations - Tanoa III read from bank.
17:57:56 Player headlessclient connecting.
17:57:56 Roles assigned.
17:57:56 Reading mission ...
17:58:02 You cannot play/edit this mission; it is dependent on downloadable content that has been deleted.\nls_equipment_greenfor
17:58:03 Mission Mando Cabure Hardcore Operations - Tanoa III read from bank.
17:58:04 Player headlessclient connected (id=HC6688).
17:58:04 Roles assigned.
17:58:04 Reading mission ...
17:58:10 You cannot play/edit this mission; it is dependent on downloadable content that has been deleted.\nls_equipment_greenfor
17:58:11 Mission Mando Cabure Hardcore Operations - Tanoa III read from bank.
17:58:12 Player headlessclient disconnected.
17:58:12 Roles assigned.
17:58:12 Reading mission ...
17:58:18 You cannot play/edit this mission; it is dependent on downloadable content that has been deleted.\nls_equipment_greenfor
